{
  "headers": [
    {
      "name": "User-Agent",
      "value": "Mozilla/5.0 (Unknown; Linux x86_64) AppleWebKit/534.34 (KHTML, like Gecko) PhantomJS/1.9.7 Safari/534.34"
    },
    {
      "name": "Accept",
      "value": "text/html,application/xhtml+xml,application/xml;q=0.9,*/*;q=0.8"
    }
  ],
  "id": 1,
  "method": "GET",
  "time": "2014-05-23T07:03:34.387Z",
  "url": "http://www.baidu.com/"
}

{
  "bodySize": 50079,
  "contentType": "text/html; charset=utf-8",
  "headers": [
    {
      "name": "Date",
      "value": "Fri, 23 May 2014 07:03:36 GMT"
    },
    {
      "name": "Content-Type",
      "value": "text/html; charset=utf-8"
    },
    {
      "name": "Transfer-Encoding",
      "value": "chunked"
    },
    {
      "name": "Connection",
      "value": "Keep-Alive"
    },
    {
      "name": "Vary",
      "value": "Accept-Encoding"
    },
    {
      "name": "Set-Cookie",
      "value": "BAIDUID=027198BAEE617904F6A91430531D5408:FG=1; expires=Thu, 31-Dec-37 23:55:55 GMT; max-age=2147483647; path=/; domain=.baidu.com\nBDSVRTM=0; path=/\nH_PS_PSSID=6361_6552_5228_1463_5224_6583_6506_6476_4759_6017_6427_6633_6530_6450_6502; path=/; domain=.baidu.com"
    },
    {
      "name": "P3P",
      "value": "CP=\" OTI DSP COR IVA OUR IND COM \""
    },
    {
      "name": "Cache-Control",
      "value": "private"
    },
    {
      "name": "Expires",
      "value": "Fri, 23 May 2014 07:02:45 GMT"
    },
    {
      "name": "X-Powered-By",
      "value": "HPHP"
    },
    {
      "name": "Server",
      "value": "BWS/1.1"
    },
    {
      "name": "BDPAGETYPE",
      "value": "1"
    },
    {
      "name": "BDQID",
      "value": "0xc8eeb15e00006c87"
    },
    {
      "name": "BDUSERID",
      "value": "0"
    },
    {
      "name": "Content-Encoding",
      "value": "gzip"
    }
  ],
  "id": 1,
  "redirectURL": null,
  "stage": "start",
  "status": 200,
  "statusText": "OK",
  "time": "2014-05-23T07:03:34.401Z",
  "url": "http://www.baidu.com/"
}

{
  "headers": [
    {
      "name": "User-Agent",
      "value": "Mozilla/5.0 (Unknown; Linux x86_64) AppleWebKit/534.34 (KHTML, like Gecko) PhantomJS/1.9.7 Safari/534.34"
    },
    {
      "name": "Referer",
      "value": "http://www.baidu.com/"
    },
    {
      "name": "Accept",
      "value": "*/*"
    }
  ],
  "id": 2,
  "method": "GET",
  "time": "2014-05-23T07:03:34.409Z",
  "url": "http://s1.bdstatic.com/r/www/cache/static/global/img/icons_37d13939.png"
}

{
  "headers": [
    {
      "name": "User-Agent",
      "value": "Mozilla/5.0 (Unknown; Linux x86_64) AppleWebKit/534.34 (KHTML, like Gecko) PhantomJS/1.9.7 Safari/534.34"
    },
    {
      "name": "Accept",
      "value": "*/*"
    },
    {
      "name": "Referer",
      "value": "http://www.baidu.com/"
    }
  ],
  "id": 3,
  "method": "GET",
  "time": "2014-05-23T07:03:34.415Z",
  "url": "http://s1.bdstatic.com/r/www/cache/static/jquery/jquery-1.10.2.min_f2fb5194.js"
}

{
  "headers": [
    {
      "name": "User-Agent",
      "value": "Mozilla/5.0 (Unknown; Linux x86_64) AppleWebKit/534.34 (KHTML, like Gecko) PhantomJS/1.9.7 Safari/534.34"
    },
    {
      "name": "Accept",
      "value": "*/*"
    },
    {
      "name": "Referer",
      "value": "http://www.baidu.com/"
    }
  ],
  "id": 4,
  "method": "GET",
  "time": "2014-05-23T07:03:34.416Z",
  "url": "http://s1.bdstatic.com/r/www/cache/static/global/js/all_async_preload_input_884a39fd.js"
}

{
  "contentType": "text/html; charset=utf-8",
  "headers": [
    {
      "name": "Date",
      "value": "Fri, 23 May 2014 07:03:36 GMT"
    },
    {
      "name": "Content-Type",
      "value": "text/html; charset=utf-8"
    },
    {
      "name": "Transfer-Encoding",
      "value": "chunked"
    },
    {
      "name": "Connection",
      "value": "Keep-Alive"
    },
    {
      "name": "Vary",
      "value": "Accept-Encoding"
    },
    {
      "name": "Set-Cookie",
      "value": "BAIDUID=027198BAEE617904F6A91430531D5408:FG=1; expires=Thu, 31-Dec-37 23:55:55 GMT; max-age=2147483647; path=/; domain=.baidu.com\nBDSVRTM=0; path=/\nH_PS_PSSID=6361_6552_5228_1463_5224_6583_6506_6476_4759_6017_6427_6633_6530_6450_6502; path=/; domain=.baidu.com"
    },
    {
      "name": "P3P",
      "value": "CP=\" OTI DSP COR IVA OUR IND COM \""
    },
    {
      "name": "Cache-Control",
      "value": "private"
    },
    {
      "name": "Expires",
      "value": "Fri, 23 May 2014 07:02:45 GMT"
    },
    {
      "name": "X-Powered-By",
      "value": "HPHP"
    },
    {
      "name": "Server",
      "value": "BWS/1.1"
    },
    {
      "name": "BDPAGETYPE",
      "value": "1"
    },
    {
      "name": "BDQID",
      "value": "0xc8eeb15e00006c87"
    },
    {
      "name": "BDUSERID",
      "value": "0"
    },
    {
      "name": "Content-Encoding",
      "value": "gzip"
    }
  ],
  "id": 1,
  "redirectURL": null,
  "stage": "end",
  "status": 200,
  "statusText": "OK",
  "time": "2014-05-23T07:03:34.416Z",
  "url": "http://www.baidu.com/"
}

{
  "headers": [
    {
      "name": "User-Agent",
      "value": "Mozilla/5.0 (Unknown; Linux x86_64) AppleWebKit/534.34 (KHTML, like Gecko) PhantomJS/1.9.7 Safari/534.34"
    },
    {
      "name": "Referer",
      "value": "http://www.baidu.com/"
    },
    {
      "name": "Accept",
      "value": "*/*"
    }
  ],
  "id": 5,
  "method": "GET",
  "time": "2014-05-23T07:03:34.416Z",
  "url": "http://www.baidu.com/img/baidu_jgylogo3.gif"
}

{
  "headers": [
    {
      "name": "User-Agent",
      "value": "Mozilla/5.0 (Unknown; Linux x86_64) AppleWebKit/534.34 (KHTML, like Gecko) PhantomJS/1.9.7 Safari/534.34"
    },
    {
      "name": "Referer",
      "value": "http://www.baidu.com/"
    },
    {
      "name": "Accept",
      "value": "*/*"
    }
  ],
  "id": 6,
  "method": "GET",
  "time": "2014-05-23T07:03:34.416Z",
  "url": "http://www.baidu.com/img/bdlogo.gif"
}

{
  "headers": [
    {
      "name": "User-Agent",
      "value": "Mozilla/5.0 (Unknown; Linux x86_64) AppleWebKit/534.34 (KHTML, like Gecko) PhantomJS/1.9.7 Safari/534.34"
    },
    {
      "name": "Referer",
      "value": "http://www.baidu.com/"
    },
    {
      "name": "Accept",
      "value": "*/*"
    }
  ],
  "id": 7,
  "method": "GET",
  "time": "2014-05-23T07:03:34.416Z",
  "url": "http://www.baidu.com/cache/global/img/gs-2.0.gif"
}

{
  "bodySize": 15045,
  "contentType": "image/png",
  "headers": [
    {
      "name": "Server",
      "value": "JSP2/1.0.27"
    },
    {
      "name": "Date",
      "value": "Fri, 23 May 2014 07:03:36 GMT"
    },
    {
      "name": "Content-Type",
      "value": "image/png"
    },
    {
      "name": "Connection",
      "value": "close"
    },
    {
      "name": "Content-Length",
      "value": "15045"
    },
    {
      "name": "Cache-Control",
      "value": "max-age=315360000"
    },
    {
      "name": "Expires",
      "value": "Fri, 19 Apr 2024 08:34:41 GMT"
    },
    {
      "name": "Last-Modified",
      "value": "Tue, 22 Apr 2014 08:31:13 GMT"
    },
    {
      "name": "ETag",
      "value": "\"3ac5-4f79d704f1640\""
    },
    {
      "name": "Accept-Ranges",
      "value": "bytes"
    }
  ],
  "id": 2,
  "redirectURL": null,
  "stage": "start",
  "status": 200,
  "statusText": "OK",
  "time": "2014-05-23T07:03:34.430Z",
  "url": "http://s1.bdstatic.com/r/www/cache/static/global/img/icons_37d13939.png"
}

{
  "contentType": "image/png",
  "headers": [
    {
      "name": "Server",
      "value": "JSP2/1.0.27"
    },
    {
      "name": "Date",
      "value": "Fri, 23 May 2014 07:03:36 GMT"
    },
    {
      "name": "Content-Type",
      "value": "image/png"
    },
    {
      "name": "Connection",
      "value": "close"
    },
    {
      "name": "Content-Length",
      "value": "15045"
    },
    {
      "name": "Cache-Control",
      "value": "max-age=315360000"
    },
    {
      "name": "Expires",
      "value": "Fri, 19 Apr 2024 08:34:41 GMT"
    },
    {
      "name": "Last-Modified",
      "value": "Tue, 22 Apr 2014 08:31:13 GMT"
    },
    {
      "name": "ETag",
      "value": "\"3ac5-4f79d704f1640\""
    },
    {
      "name": "Accept-Ranges",
      "value": "bytes"
    }
  ],
  "id": 2,
  "redirectURL": null,
  "stage": "end",
  "status": 200,
  "statusText": "OK",
  "time": "2014-05-23T07:03:34.430Z",
  "url": "http://s1.bdstatic.com/r/www/cache/static/global/img/icons_37d13939.png"
}

{
  "bodySize": 1575,
  "contentType": "image/gif",
  "headers": [
    {
      "name": "Date",
      "value": "Fri, 23 May 2014 07:03:36 GMT"
    },
    {
      "name": "Server",
      "value": "Apache"
    },
    {
      "name": "Last-Modified",
      "value": "Fri, 22 Feb 2013 03:45:02 GMT"
    },
    {
      "name": "ETag",
      "value": "\"627-4d648041f6b80\""
    },
    {
      "name": "Accept-Ranges",
      "value": "bytes"
    },
    {
      "name": "Content-Length",
      "value": "1575"
    },
    {
      "name": "Cache-Control",
      "value": "max-age=315360000"
    },
    {
      "name": "Expires",
      "value": "Mon, 20 May 2024 07:03:36 GMT"
    },
    {
      "name": "Connection",
      "value": "Keep-Alive"
    },
    {
      "name": "Content-Type",
      "value": "image/gif"
    }
  ],
  "id": 6,
  "redirectURL": null,
  "stage": "start",
  "status": 200,
  "statusText": "OK",
  "time": "2014-05-23T07:03:34.431Z",
  "url": "http://www.baidu.com/img/bdlogo.gif"
}

{
  "contentType": "image/gif",
  "headers": [
    {
      "name": "Date",
      "value": "Fri, 23 May 2014 07:03:36 GMT"
    },
    {
      "name": "Server",
      "value": "Apache"
    },
    {
      "name": "Last-Modified",
      "value": "Fri, 22 Feb 2013 03:45:02 GMT"
    },
    {
      "name": "ETag",
      "value": "\"627-4d648041f6b80\""
    },
    {
      "name": "Accept-Ranges",
      "value": "bytes"
    },
    {
      "name": "Content-Length",
      "value": "1575"
    },
    {
      "name": "Cache-Control",
      "value": "max-age=315360000"
    },
    {
      "name": "Expires",
      "value": "Mon, 20 May 2024 07:03:36 GMT"
    },
    {
      "name": "Connection",
      "value": "Keep-Alive"
    },
    {
      "name": "Content-Type",
      "value": "image/gif"
    }
  ],
  "id": 6,
  "redirectURL": null,
  "stage": "end",
  "status": 200,
  "statusText": "OK",
  "time": "2014-05-23T07:03:34.431Z",
  "url": "http://www.baidu.com/img/bdlogo.gif"
}

{
  "bodySize": 93680,
  "contentType": "application/javascript",
  "headers": [
    {
      "name": "Server",
      "value": "JSP2/1.0.27"
    },
    {
      "name": "Date",
      "value": "Fri, 23 May 2014 07:03:36 GMT"
    },
    {
      "name": "Content-Type",
      "value": "application/javascript"
    },
    {
      "name": "Connection",
      "value": "close"
    },
    {
      "name": "Last-Modified",
      "value": "Fri, 24 Jan 2014 09:08:46 GMT"
    },
    {
      "name": "ETag",
      "value": "\"16df0-4f0b3b4902380\""
    },
    {
      "name": "Accept-Ranges",
      "value": "bytes"
    },
    {
      "name": "Cache-Control",
      "value": "max-age=315360000"
    },
    {
      "name": "Expires",
      "value": "Wed, 24 Jan 2024 07:23:50 GMT"
    },
    {
      "name": "Vary",
      "value": "Accept-Encoding,User-Agent"
    },
    {
      "name": "Content-Encoding",
      "value": "gzip"
    }
  ],
  "id": 3,
  "redirectURL": null,
  "stage": "start",
  "status": 200,
  "statusText": "OK",
  "time": "2014-05-23T07:03:34.431Z",
  "url": "http://s1.bdstatic.com/r/www/cache/static/jquery/jquery-1.10.2.min_f2fb5194.js"
}

{
  "contentType": "application/javascript",
  "headers": [
    {
      "name": "Server",
      "value": "JSP2/1.0.27"
    },
    {
      "name": "Date",
      "value": "Fri, 23 May 2014 07:03:36 GMT"
    },
    {
      "name": "Content-Type",
      "value": "application/javascript"
    },
    {
      "name": "Connection",
      "value": "close"
    },
    {
      "name": "Last-Modified",
      "value": "Fri, 24 Jan 2014 09:08:46 GMT"
    },
    {
      "name": "ETag",
      "value": "\"16df0-4f0b3b4902380\""
    },
    {
      "name": "Accept-Ranges",
      "value": "bytes"
    },
    {
      "name": "Cache-Control",
      "value": "max-age=315360000"
    },
    {
      "name": "Expires",
      "value": "Wed, 24 Jan 2024 07:23:50 GMT"
    },
    {
      "name": "Vary",
      "value": "Accept-Encoding,User-Agent"
    },
    {
      "name": "Content-Encoding",
      "value": "gzip"
    }
  ],
  "id": 3,
  "redirectURL": null,
  "stage": "end",
  "status": 200,
  "statusText": "OK",
  "time": "2014-05-23T07:03:34.431Z",
  "url": "http://s1.bdstatic.com/r/www/cache/static/jquery/jquery-1.10.2.min_f2fb5194.js"
}

{
  "bodySize": 1169,
  "contentType": "image/gif",
  "headers": [
    {
      "name": "Date",
      "value": "Fri, 23 May 2014 07:03:36 GMT"
    },
    {
      "name": "Server",
      "value": "Apache"
    },
    {
      "name": "Last-Modified",
      "value": "Thu, 09 Jan 2014 07:57:04 GMT"
    },
    {
      "name": "ETag",
      "value": "\"491-4ef84f4863400\""
    },
    {
      "name": "Accept-Ranges",
      "value": "bytes"
    },
    {
      "name": "Content-Length",
      "value": "1169"
    },
    {
      "name": "Cache-Control",
      "value": "max-age=315360000"
    },
    {
      "name": "Expires",
      "value": "Mon, 20 May 2024 07:03:36 GMT"
    },
    {
      "name": "Connection",
      "value": "Keep-Alive"
    },
    {
      "name": "Content-Type",
      "value": "image/gif"
    }
  ],
  "id": 7,
  "redirectURL": null,
  "stage": "start",
  "status": 200,
  "statusText": "OK",
  "time": "2014-05-23T07:03:34.448Z",
  "url": "http://www.baidu.com/cache/global/img/gs-2.0.gif"
}

{
  "contentType": "image/gif",
  "headers": [
    {
      "name": "Date",
      "value": "Fri, 23 May 2014 07:03:36 GMT"
    },
    {
      "name": "Server",
      "value": "Apache"
    },
    {
      "name": "Last-Modified",
      "value": "Thu, 09 Jan 2014 07:57:04 GMT"
    },
    {
      "name": "ETag",
      "value": "\"491-4ef84f4863400\""
    },
    {
      "name": "Accept-Ranges",
      "value": "bytes"
    },
    {
      "name": "Content-Length",
      "value": "1169"
    },
    {
      "name": "Cache-Control",
      "value": "max-age=315360000"
    },
    {
      "name": "Expires",
      "value": "Mon, 20 May 2024 07:03:36 GMT"
    },
    {
      "name": "Connection",
      "value": "Keep-Alive"
    },
    {
      "name": "Content-Type",
      "value": "image/gif"
    }
  ],
  "id": 7,
  "redirectURL": null,
  "stage": "end",
  "status": 200,
  "statusText": "OK",
  "time": "2014-05-23T07:03:34.449Z",
  "url": "http://www.baidu.com/cache/global/img/gs-2.0.gif"
}

{
  "bodySize": 47075,
  "contentType": "application/javascript",
  "headers": [
    {
      "name": "Server",
      "value": "JSP2/1.0.27"
    },
    {
      "name": "Date",
      "value": "Fri, 23 May 2014 07:03:36 GMT"
    },
    {
      "name": "Content-Type",
      "value": "application/javascript"
    },
    {
      "name": "Connection",
      "value": "close"
    },
    {
      "name": "Last-Modified",
      "value": "Thu, 22 May 2014 07:50:35 GMT"
    },
    {
      "name": "ETag",
      "value": "\"15e99-4f9f85e3b68c0\""
    },
    {
      "name": "Accept-Ranges",
      "value": "bytes"
    },
    {
      "name": "Cache-Control",
      "value": "max-age=315360000"
    },
    {
      "name": "Expires",
      "value": "Sun, 19 May 2024 08:05:28 GMT"
    },
    {
      "name": "Vary",
      "value": "Accept-Encoding,User-Agent"
    },
    {
      "name": "Content-Encoding",
      "value": "gzip"
    }
  ],
  "id": 4,
  "redirectURL": null,
  "stage": "start",
  "status": 200,
  "statusText": "OK",
  "time": "2014-05-23T07:03:34.542Z",
  "url": "http://s1.bdstatic.com/r/www/cache/static/global/js/all_async_preload_input_884a39fd.js"
}

{
  "contentType": "application/javascript",
  "headers": [
    {
      "name": "Server",
      "value": "JSP2/1.0.27"
    },
    {
      "name": "Date",
      "value": "Fri, 23 May 2014 07:03:36 GMT"
    },
    {
      "name": "Content-Type",
      "value": "application/javascript"
    },
    {
      "name": "Connection",
      "value": "close"
    },
    {
      "name": "Last-Modified",
      "value": "Thu, 22 May 2014 07:50:35 GMT"
    },
    {
      "name": "ETag",
      "value": "\"15e99-4f9f85e3b68c0\""
    },
    {
      "name": "Accept-Ranges",
      "value": "bytes"
    },
    {
      "name": "Cache-Control",
      "value": "max-age=315360000"
    },
    {
      "name": "Expires",
      "value": "Sun, 19 May 2024 08:05:28 GMT"
    },
    {
      "name": "Vary",
      "value": "Accept-Encoding,User-Agent"
    },
    {
      "name": "Content-Encoding",
      "value": "gzip"
    }
  ],
  "id": 4,
  "redirectURL": null,
  "stage": "end",
  "status": 200,
  "statusText": "OK",
  "time": "2014-05-23T07:03:34.543Z",
  "url": "http://s1.bdstatic.com/r/www/cache/static/global/js/all_async_preload_input_884a39fd.js"
}

{
  "headers": [
    {
      "name": "User-Agent",
      "value": "Mozilla/5.0 (Unknown; Linux x86_64) AppleWebKit/534.34 (KHTML, like Gecko) PhantomJS/1.9.7 Safari/534.34"
    },
    {
      "name": "Accept",
      "value": "*/*"
    },
    {
      "name": "Referer",
      "value": "http://www.baidu.com/"
    }
  ],
  "id": 8,
  "method": "GET",
  "time": "2014-05-23T07:03:34.558Z",
  "url": "http://passport.baidu.com/passApi/js/uni_login_wrapper.js?cdnversion=1400828614556&_=1400828614443"
}

一张网页，要经历怎样的过程，才能抵达用户面前？
一位新人，要经历怎样的成长，才能站在技术之巅？
探寻这里的秘密；
体验这里的挑战；
成为这里的主人；
加入百度，加入网页搜索，你，可以影响世界。


请将简历发送至 %c ps_recruiter@baidu.com（ 邮件标题请以“姓名-应聘XX职位-来自console”命名） color:red

职位介绍：http://dwz.cn/hr2013

{
  "headers": [
    {
      "name": "User-Agent",
      "value": "Mozilla/5.0 (Unknown; Linux x86_64) AppleWebKit/534.34 (KHTML, like Gecko) PhantomJS/1.9.7 Safari/534.34"
    },
    {
      "name": "Accept",
      "value": "*/*"
    },
    {
      "name": "Referer",
      "value": "http://www.baidu.com/"
    }
  ],
  "id": 9,
  "method": "GET",
  "time": "2014-05-23T07:03:34.562Z",
  "url": "http://s1.bdstatic.com/r/www/cache/static/sug/js/bdsug_60f31057.js"
}

{
  "bodySize": 3613,
  "contentType": "text/javascript",
  "headers": [
    {
      "name": "Content-Type",
      "value": "text/javascript"
    },
    {
      "name": "ETag",
      "value": "\"165674732\""
    },
    {
      "name": "Accept-Ranges",
      "value": "bytes"
    },
    {
      "name": "Last-Modified",
      "value": "Tue, 20 May 2014 06:54:34 GMT"
    },
    {
      "name": "Expires",
      "value": "Fri, 23 May 2014 07:13:36 GMT"
    },
    {
      "name": "Cache-Control",
      "value": "max-age=600"
    },
    {
      "name": "Vary",
      "value": "Accept-Encoding"
    },
    {
      "name": "Content-Encoding",
      "value": "gzip"
    },
    {
      "name": "Date",
      "value": "Fri, 23 May 2014 07:03:36 GMT"
    },
    {
      "name": "Server",
      "value": "apache"
    }
  ],
  "id": 8,
  "redirectURL": null,
  "stage": "start",
  "status": 200,
  "statusText": "OK",
  "time": "2014-05-23T07:03:34.568Z",
  "url": "http://passport.baidu.com/passApi/js/uni_login_wrapper.js?cdnversion=1400828614556&_=1400828614443"
}

{
  "contentType": "text/javascript",
  "headers": [
    {
      "name": "Content-Type",
      "value": "text/javascript"
    },
    {
      "name": "ETag",
      "value": "\"165674732\""
    },
    {
      "name": "Accept-Ranges",
      "value": "bytes"
    },
    {
      "name": "Last-Modified",
      "value": "Tue, 20 May 2014 06:54:34 GMT"
    },
    {
      "name": "Expires",
      "value": "Fri, 23 May 2014 07:13:36 GMT"
    },
    {
      "name": "Cache-Control",
      "value": "max-age=600"
    },
    {
      "name": "Vary",
      "value": "Accept-Encoding"
    },
    {
      "name": "Content-Encoding",
      "value": "gzip"
    },
    {
      "name": "Date",
      "value": "Fri, 23 May 2014 07:03:36 GMT"
    },
    {
      "name": "Server",
      "value": "apache"
    }
  ],
  "id": 8,
  "redirectURL": null,
  "stage": "end",
  "status": 200,
  "statusText": "OK",
  "time": "2014-05-23T07:03:34.568Z",
  "url": "http://passport.baidu.com/passApi/js/uni_login_wrapper.js?cdnversion=1400828614556&_=1400828614443"
}

{
  "bodySize": 21664,
  "contentType": "application/javascript",
  "headers": [
    {
      "name": "Server",
      "value": "JSP2/1.0.27"
    },
    {
      "name": "Date",
      "value": "Fri, 23 May 2014 07:03:36 GMT"
    },
    {
      "name": "Content-Type",
      "value": "application/javascript"
    },
    {
      "name": "Connection",
      "value": "close"
    },
    {
      "name": "Last-Modified",
      "value": "Thu, 22 May 2014 07:50:35 GMT"
    },
    {
      "name": "ETag",
      "value": "\"54a0-4f9f85e3b68c0\""
    },
    {
      "name": "Accept-Ranges",
      "value": "bytes"
    },
    {
      "name": "Cache-Control",
      "value": "max-age=315360000"
    },
    {
      "name": "Expires",
      "value": "Sun, 19 May 2024 08:05:08 GMT"
    },
    {
      "name": "Vary",
      "value": "Accept-Encoding,User-Agent"
    },
    {
      "name": "Content-Encoding",
      "value": "gzip"
    }
  ],
  "id": 9,
  "redirectURL": null,
  "stage": "start",
  "status": 200,
  "statusText": "OK",
  "time": "2014-05-23T07:03:34.569Z",
  "url": "http://s1.bdstatic.com/r/www/cache/static/sug/js/bdsug_60f31057.js"
}

{
  "contentType": "application/javascript",
  "headers": [
    {
      "name": "Server",
      "value": "JSP2/1.0.27"
    },
    {
      "name": "Date",
      "value": "Fri, 23 May 2014 07:03:36 GMT"
    },
    {
      "name": "Content-Type",
      "value": "application/javascript"
    },
    {
      "name": "Connection",
      "value": "close"
    },
    {
      "name": "Last-Modified",
      "value": "Thu, 22 May 2014 07:50:35 GMT"
    },
    {
      "name": "ETag",
      "value": "\"54a0-4f9f85e3b68c0\""
    },
    {
      "name": "Accept-Ranges",
      "value": "bytes"
    },
    {
      "name": "Cache-Control",
      "value": "max-age=315360000"
    },
    {
      "name": "Expires",
      "value": "Sun, 19 May 2024 08:05:08 GMT"
    },
    {
      "name": "Vary",
      "value": "Accept-Encoding,User-Agent"
    },
    {
      "name": "Content-Encoding",
      "value": "gzip"
    }
  ],
  "id": 9,
  "redirectURL": null,
  "stage": "end",
  "status": 200,
  "statusText": "OK",
  "time": "2014-05-23T07:03:34.570Z",
  "url": "http://s1.bdstatic.com/r/www/cache/static/sug/js/bdsug_60f31057.js"
}

{
  "headers": [
    {
      "name": "User-Agent",
      "value": "Mozilla/5.0 (Unknown; Linux x86_64) AppleWebKit/534.34 (KHTML, like Gecko) PhantomJS/1.9.7 Safari/534.34"
    },
    {
      "name": "Accept",
      "value": "*/*"
    },
    {
      "name": "Referer",
      "value": "http://www.baidu.com/"
    }
  ],
  "id": 10,
  "method": "GET",
  "time": "2014-05-23T07:03:34.573Z",
  "url": "http://suggestion.baidu.com/su?wd=&zxmode=1&json=1&p=3&sid=4683_6405_6249_1430_5225_6582_6506_6477_4759_6018_6428_6440_6632_6530&cb=jQuery1102030660124821588397_1400828614444&_=1400828614445"
}

{
  "bodySize": 79,
  "contentType": "text/javascript; charset=gbk",
  "headers": [
    {
      "name": "Date",
      "value": "Fri, 23 May 2014 07:03:36 GMT"
    },
    {
      "name": "Server",
      "value": "suggestion.baidu.zbb.df"
    },
    {
      "name": "Content-Length",
      "value": "79"
    },
    {
      "name": "Content-Type",
      "value": "text/javascript; charset=gbk"
    },
    {
      "name": "Cache-Control",
      "value": "private"
    },
    {
      "name": "Connection",
      "value": "Keep-Alive"
    }
  ],
  "id": 10,
  "redirectURL": null,
  "stage": "start",
  "status": 200,
  "statusText": "OK",
  "time": "2014-05-23T07:03:34.581Z",
  "url": "http://suggestion.baidu.com/su?wd=&zxmode=1&json=1&p=3&sid=4683_6405_6249_1430_5225_6582_6506_6477_4759_6018_6428_6440_6632_6530&cb=jQuery1102030660124821588397_1400828614444&_=1400828614445"
}

{
  "contentType": "text/javascript; charset=gbk",
  "headers": [
    {
      "name": "Date",
      "value": "Fri, 23 May 2014 07:03:36 GMT"
    },
    {
      "name": "Server",
      "value": "suggestion.baidu.zbb.df"
    },
    {
      "name": "Content-Length",
      "value": "79"
    },
    {
      "name": "Content-Type",
      "value": "text/javascript; charset=gbk"
    },
    {
      "name": "Cache-Control",
      "value": "private"
    },
    {
      "name": "Connection",
      "value": "Keep-Alive"
    }
  ],
  "id": 10,
  "redirectURL": null,
  "stage": "end",
  "status": 200,
  "statusText": "OK",
  "time": "2014-05-23T07:03:34.581Z",
  "url": "http://suggestion.baidu.com/su?wd=&zxmode=1&json=1&p=3&sid=4683_6405_6249_1430_5225_6582_6506_6477_4759_6018_6428_6440_6632_6530&cb=jQuery1102030660124821588397_1400828614444&_=1400828614445"
}

{
  "bodySize": 705,
  "contentType": "image/gif",
  "headers": [
    {
      "name": "Date",
      "value": "Fri, 23 May 2014 07:03:36 GMT"
    },
    {
      "name": "Server",
      "value": "Apache"
    },
    {
      "name": "Last-Modified",
      "value": "Wed, 22 Jun 2011 06:40:43 GMT"
    },
    {
      "name": "ETag",
      "value": "\"2c1-4a6473f6030c0\""
    },
    {
      "name": "Accept-Ranges",
      "value": "bytes"
    },
    {
      "name": "Content-Length",
      "value": "705"
    },
    {
      "name": "Cache-Control",
      "value": "max-age=315360000"
    },
    {
      "name": "Expires",
      "value": "Mon, 20 May 2024 07:03:36 GMT"
    },
    {
      "name": "Connection",
      "value": "Keep-Alive"
    },
    {
      "name": "Content-Type",
      "value": "image/gif"
    }
  ],
  "id": 5,
  "redirectURL": null,
  "stage": "start",
  "status": 200,
  "statusText": "OK",
  "time": "2014-05-23T07:03:34.665Z",
  "url": "http://www.baidu.com/img/baidu_jgylogo3.gif"
}

{
  "contentType": "image/gif",
  "headers": [
    {
      "name": "Date",
      "value": "Fri, 23 May 2014 07:03:36 GMT"
    },
    {
      "name": "Server",
      "value": "Apache"
    },
    {
      "name": "Last-Modified",
      "value": "Wed, 22 Jun 2011 06:40:43 GMT"
    },
    {
      "name": "ETag",
      "value": "\"2c1-4a6473f6030c0\""
    },
    {
      "name": "Accept-Ranges",
      "value": "bytes"
    },
    {
      "name": "Content-Length",
      "value": "705"
    },
    {
      "name": "Cache-Control",
      "value": "max-age=315360000"
    },
    {
      "name": "Expires",
      "value": "Mon, 20 May 2024 07:03:36 GMT"
    },
    {
      "name": "Connection",
      "value": "Keep-Alive"
    },
    {
      "name": "Content-Type",
      "value": "image/gif"
    }
  ],
  "id": 5,
  "redirectURL": null,
  "stage": "end",
  "status": 200,
  "statusText": "OK",
  "time": "2014-05-23T07:03:34.665Z",
  "url": "http://www.baidu.com/img/baidu_jgylogo3.gif"
}

